  fem.c
c:\users\maxcl\onedrive\documents\github\projet_elements_finis\src\fem.h(78): error C2061: erreur de syntaxe : identificateur 'femSolverType'
c:\users\maxcl\onedrive\documents\github\projet_elements_finis\src\fem.h(80): error C2059: erreur de syntaxe : '}'
c:\users\maxcl\onedrive\documents\github\projet_elements_finis\src\fem.h(112): error C2061: erreur de syntaxe : identificateur 'femSolver'
c:\users\maxcl\onedrive\documents\github\projet_elements_finis\src\fem.h(116): error C2059: erreur de syntaxe : '}'
c:\users\maxcl\onedrive\documents\github\projet_elements_finis\src\fem.h(119): error C2146: erreur de syntaxe : absence de ')' avant l'identificateur 'type'
c:\users\maxcl\onedrive\documents\github\projet_elements_finis\src\fem.h(119): error C2081: 'femElementType' : nom non conforme dans la liste de paramètres formels
c:\users\maxcl\onedrive\documents\github\projet_elements_finis\src\fem.h(119): error C2061: erreur de syntaxe : identificateur 'type'
c:\users\maxcl\onedrive\documents\github\projet_elements_finis\src\fem.h(119): error C2059: erreur de syntaxe : ';'
c:\users\maxcl\onedrive\documents\github\projet_elements_finis\src\fem.h(119): error C2059: erreur de syntaxe : ')'
c:\users\maxcl\onedrive\documents\github\projet_elements_finis\src\fem.h(131): error C2146: erreur de syntaxe : absence de ')' avant l'identificateur 'type'
c:\users\maxcl\onedrive\documents\github\projet_elements_finis\src\fem.h(131): error C2081: 'femElementType' : nom non conforme dans la liste de paramètres formels
c:\users\maxcl\onedrive\documents\github\projet_elements_finis\src\fem.h(131): error C2061: erreur de syntaxe : identificateur 'type'
c:\users\maxcl\onedrive\documents\github\projet_elements_finis\src\fem.h(131): error C2059: erreur de syntaxe : ';'
c:\users\maxcl\onedrive\documents\github\projet_elements_finis\src\fem.h(131): error C2059: erreur de syntaxe : ')'
c:\users\maxcl\onedrive\documents\github\projet_elements_finis\src\fem.h(138): error C2143: erreur de syntaxe : absence de '{' avant '*'
c:\users\maxcl\onedrive\documents\github\projet_elements_finis\src\fem.h(139): error C2143: erreur de syntaxe : absence de '{' avant '*'
c:\users\maxcl\onedrive\documents\github\projet_elements_finis\src\fem.h(140): error C2143: erreur de syntaxe : absence de '{' avant '*'
c:\users\maxcl\onedrive\documents\github\projet_elements_finis\src\fem.h(141): error C2143: erreur de syntaxe : absence de ')' avant '*'
c:\users\maxcl\onedrive\documents\github\projet_elements_finis\src\fem.h(141): error C2143: erreur de syntaxe : absence de '{' avant '*'
c:\users\maxcl\onedrive\documents\github\projet_elements_finis\src\fem.h(141): error C2059: erreur de syntaxe : ')'
c:\users\maxcl\onedrive\documents\github\projet_elements_finis\src\fem.h(142): error C2143: erreur de syntaxe : absence de ')' avant '*'
c:\users\maxcl\onedrive\documents\github\projet_elements_finis\src\fem.h(142): error C2143: erreur de syntaxe : absence de '{' avant '*'
c:\users\maxcl\onedrive\documents\github\projet_elements_finis\src\fem.h(142): error C2059: erreur de syntaxe : ')'
c:\users\maxcl\onedrive\documents\github\projet_elements_finis\src\fem.h(143): error C2143: erreur de syntaxe : absence de ')' avant '*'
c:\users\maxcl\onedrive\documents\github\projet_elements_finis\src\fem.h(143): error C2143: erreur de syntaxe : absence de '{' avant '*'
c:\users\maxcl\onedrive\documents\github\projet_elements_finis\src\fem.h(143): error C2059: erreur de syntaxe : ')'
c:\users\maxcl\onedrive\documents\github\projet_elements_finis\src\fem.h(144): error C2143: erreur de syntaxe : absence de ')' avant '*'
c:\users\maxcl\onedrive\documents\github\projet_elements_finis\src\fem.h(144): error C2143: erreur de syntaxe : absence de '{' avant '*'
c:\users\maxcl\onedrive\documents\github\projet_elements_finis\src\fem.h(144): error C2059: erreur de syntaxe : ')'
c:\users\maxcl\onedrive\documents\github\projet_elements_finis\src\fem.h(145): error C2143: erreur de syntaxe : absence de ')' avant '*'
c:\users\maxcl\onedrive\documents\github\projet_elements_finis\src\fem.h(145): error C2143: erreur de syntaxe : absence de '{' avant '*'
c:\users\maxcl\onedrive\documents\github\projet_elements_finis\src\fem.h(145): error C2059: erreur de syntaxe : ')'
c:\users\maxcl\onedrive\documents\github\projet_elements_finis\src\fem.h(146): error C2143: erreur de syntaxe : absence de ')' avant '*'
c:\users\maxcl\onedrive\documents\github\projet_elements_finis\src\fem.h(146): error C2143: erreur de syntaxe : absence de '{' avant '*'
c:\users\maxcl\onedrive\documents\github\projet_elements_finis\src\fem.h(146): error C2059: erreur de syntaxe : 'type'
c:\users\maxcl\onedrive\documents\github\projet_elements_finis\src\fem.h(146): error C2059: erreur de syntaxe : ')'
c:\users\maxcl\onedrive\documents\github\projet_elements_finis\src\fem.h(147): error C2143: erreur de syntaxe : absence de ')' avant '*'
c:\users\maxcl\onedrive\documents\github\projet_elements_finis\src\fem.h(147): error C2143: erreur de syntaxe : absence de '{' avant '*'
c:\users\maxcl\onedrive\documents\github\projet_elements_finis\src\fem.h(147): error C2059: erreur de syntaxe : 'type'
c:\users\maxcl\onedrive\documents\github\projet_elements_finis\src\fem.h(147): error C2059: erreur de syntaxe : ')'
c:\users\maxcl\onedrive\documents\github\projet_elements_finis\src\fem.h(148): error C2143: erreur de syntaxe : absence de ')' avant '*'
c:\users\maxcl\onedrive\documents\github\projet_elements_finis\src\fem.h(148): error C2143: erreur de syntaxe : absence de '{' avant '*'
c:\users\maxcl\onedrive\documents\github\projet_elements_finis\src\fem.h(148): error C2059: erreur de syntaxe : 'type'
c:\users\maxcl\onedrive\documents\github\projet_elements_finis\src\fem.h(148): error C2059: erreur de syntaxe : ')'
c:\users\maxcl\onedrive\documents\github\projet_elements_finis\src\fem.h(149): error C2143: erreur de syntaxe : absence de ')' avant '*'
c:\users\maxcl\onedrive\documents\github\projet_elements_finis\src\fem.h(149): error C2143: erreur de syntaxe : absence de '{' avant '*'
c:\users\maxcl\onedrive\documents\github\projet_elements_finis\src\fem.h(149): error C2059: erreur de syntaxe : ')'
c:\users\maxcl\onedrive\documents\github\projet_elements_finis\src\fem.h(182): error C2143: erreur de syntaxe : absence de '{' avant '*'
c:\users\maxcl\onedrive\documents\github\projet_elements_finis\src\fem.h(182): error C2146: erreur de syntaxe : absence de ')' avant l'identificateur 'solverType'
c:\users\maxcl\onedrive\documents\github\projet_elements_finis\src\fem.h(182): error C2081: 'femSolverType' : nom non conforme dans la liste de paramètres formels
c:\users\maxcl\onedrive\documents\github\projet_elements_finis\src\fem.h(182): error C2061: erreur de syntaxe : identificateur 'solverType'
c:\users\maxcl\onedrive\documents\github\projet_elements_finis\src\fem.h(182): error C2059: erreur de syntaxe : ';'
c:\users\maxcl\onedrive\documents\github\projet_elements_finis\src\fem.h(182): error C2059: erreur de syntaxe : ','
c:\users\maxcl\onedrive\documents\github\projet_elements_finis\src\fem.h(182): error C2059: erreur de syntaxe : ')'
c:\users\maxcl\onedrive\documents\github\projet_elements_finis\src\fem.h(183): error C2143: erreur de syntaxe : absence de ')' avant '*'
c:\users\maxcl\onedrive\documents\github\projet_elements_finis\src\fem.h(183): error C2143: erreur de syntaxe : absence de '{' avant '*'
c:\users\maxcl\onedrive\documents\github\projet_elements_finis\src\fem.h(183): error C2059: erreur de syntaxe : ')'
c:\users\maxcl\onedrive\documents\github\projet_elements_finis\src\fem.h(184): error C2143: erreur de syntaxe : absence de ')' avant '*'
c:\users\maxcl\onedrive\documents\github\projet_elements_finis\src\fem.h(184): error C2143: erreur de syntaxe : absence de '{' avant '*'
c:\users\maxcl\onedrive\documents\github\projet_elements_finis\src\fem.h(184): error C2059: erreur de syntaxe : 'type'
c:\users\maxcl\onedrive\documents\github\projet_elements_finis\src\fem.h(184): error C2059: erreur de syntaxe : ')'
c:\users\maxcl\onedrive\documents\github\projet_elements_finis\src\fem.h(185): error C2143: erreur de syntaxe : absence de ')' avant '*'
c:\users\maxcl\onedrive\documents\github\projet_elements_finis\src\fem.h(185): error C2143: erreur de syntaxe : absence de '{' avant '*'
c:\users\maxcl\onedrive\documents\github\projet_elements_finis\src\fem.h(185): error C2059: erreur de syntaxe : ')'
c:\users\maxcl\onedrive\documents\github\projet_elements_finis\src\fem.h(186): error C2143: erreur de syntaxe : absence de ')' avant '*'
c:\users\maxcl\onedrive\documents\github\projet_elements_finis\src\fem.h(186): error C2143: erreur de syntaxe : absence de '{' avant '*'
c:\users\maxcl\onedrive\documents\github\projet_elements_finis\src\fem.h(186): error C2146: erreur de syntaxe : absence de ';' avant l'identificateur 'renumType'
c:\users\maxcl\onedrive\documents\github\projet_elements_finis\src\fem.h(186): error C2059: erreur de syntaxe : ')'
c:\users\maxcl\onedrive\documents\github\projet_elements_finis\src\fem.h(187): error C2143: erreur de syntaxe : absence de ')' avant '*'
c:\users\maxcl\onedrive\documents\github\projet_elements_finis\src\fem.h(187): error C2143: erreur de syntaxe : absence de '{' avant '*'
c:\users\maxcl\onedrive\documents\github\projet_elements_finis\src\fem.h(187): error C2059: erreur de syntaxe : ')'
c:\users\maxcl\onedrive\documents\github\projet_elements_finis\src\fem.h(196): error C2370: 'femRenumType' : redéfinition ; classe de stockage différente
  c:\users\maxcl\onedrive\documents\github\projet_elements_finis\src\fem.h(186): note: voir la déclaration de 'femRenumType'
C:\Users\maxcl\OneDrive\Documents\GitHub\Projet_elements_finis\src\fem.c(394): warning C4244: 'initialisation' : conversion de 'double' en 'int', perte possible de données
C:\Users\maxcl\OneDrive\Documents\GitHub\Projet_elements_finis\src\fem.c(395): warning C4244: 'initialisation' : conversion de 'double' en 'int', perte possible de données
C:\Users\maxcl\OneDrive\Documents\GitHub\Projet_elements_finis\src\fem.c(404): error C2143: erreur de syntaxe : absence de '{' avant '*'
C:\Users\maxcl\OneDrive\Documents\GitHub\Projet_elements_finis\src\fem.c(406): error C2065: 'femSolver' : identificateur non déclaré
C:\Users\maxcl\OneDrive\Documents\GitHub\Projet_elements_finis\src\fem.c(406): error C2297: '*' : non conforme, l'opérande droit est du type 'int *'
C:\Users\maxcl\OneDrive\Documents\GitHub\Projet_elements_finis\src\fem.c(407): error C2223: la partie gauche de '->type' doit pointer vers struct/union
C:\Users\maxcl\OneDrive\Documents\GitHub\Projet_elements_finis\src\fem.c(408): error C2223: la partie gauche de '->solver' doit pointer vers struct/union
C:\Users\maxcl\OneDrive\Documents\GitHub\Projet_elements_finis\src\fem.c(408): error C2065: 'femSolver' : identificateur non déclaré
C:\Users\maxcl\OneDrive\Documents\GitHub\Projet_elements_finis\src\fem.c(408): error C2059: erreur de syntaxe : ')'
C:\Users\maxcl\OneDrive\Documents\GitHub\Projet_elements_finis\src\fem.c(412): error C2143: erreur de syntaxe : absence de '{' avant '*'
C:\Users\maxcl\OneDrive\Documents\GitHub\Projet_elements_finis\src\fem.c(414): error C2065: 'femSolver' : identificateur non déclaré
C:\Users\maxcl\OneDrive\Documents\GitHub\Projet_elements_finis\src\fem.c(414): error C2297: '*' : non conforme, l'opérande droit est du type 'int *'
C:\Users\maxcl\OneDrive\Documents\GitHub\Projet_elements_finis\src\fem.c(415): error C2223: la partie gauche de '->type' doit pointer vers struct/union
C:\Users\maxcl\OneDrive\Documents\GitHub\Projet_elements_finis\src\fem.c(416): error C2223: la partie gauche de '->solver' doit pointer vers struct/union
C:\Users\maxcl\OneDrive\Documents\GitHub\Projet_elements_finis\src\fem.c(416): error C2065: 'femSolver' : identificateur non déclaré
C:\Users\maxcl\OneDrive\Documents\GitHub\Projet_elements_finis\src\fem.c(416): error C2059: erreur de syntaxe : ')'
C:\Users\maxcl\OneDrive\Documents\GitHub\Projet_elements_finis\src\fem.c(420): error C2143: erreur de syntaxe : absence de '{' avant '*'
C:\Users\maxcl\OneDrive\Documents\GitHub\Projet_elements_finis\src\fem.c(422): error C2065: 'femSolver' : identificateur non déclaré
C:\Users\maxcl\OneDrive\Documents\GitHub\Projet_elements_finis\src\fem.c(422): error C2297: '*' : non conforme, l'opérande droit est du type 'int *'
C:\Users\maxcl\OneDrive\Documents\GitHub\Projet_elements_finis\src\fem.c(423): error C2223: la partie gauche de '->type' doit pointer vers struct/union
C:\Users\maxcl\OneDrive\Documents\GitHub\Projet_elements_finis\src\fem.c(424): error C2223: la partie gauche de '->solver' doit pointer vers struct/union
C:\Users\maxcl\OneDrive\Documents\GitHub\Projet_elements_finis\src\fem.c(424): error C2065: 'femSolver' : identificateur non déclaré
C:\Users\maxcl\OneDrive\Documents\GitHub\Projet_elements_finis\src\fem.c(424): error C2059: erreur de syntaxe : ')'
C:\Users\maxcl\OneDrive\Documents\GitHub\Projet_elements_finis\src\fem.c(428): error C2143: erreur de syntaxe : absence de ')' avant '*'
C:\Users\maxcl\OneDrive\Documents\GitHub\Projet_elements_finis\src\fem.c(428): error C2143: erreur de syntaxe : absence de '{' avant '*'
C:\Users\maxcl\OneDrive\Documents\GitHub\Projet_elements_finis\src\fem.c(428): error C2059: erreur de syntaxe : ')'
C:\Users\maxcl\OneDrive\Documents\GitHub\Projet_elements_finis\src\fem.c(429): error C2054: '(' attendu après 'mySolver'
C:\Users\maxcl\OneDrive\Documents\GitHub\Projet_elements_finis\src\fem.c(438): error C2143: erreur de syntaxe : absence de ')' avant '*'
C:\Users\maxcl\OneDrive\Documents\GitHub\Projet_elements_finis\src\fem.c(438): error C2143: erreur de syntaxe : absence de '{' avant '*'
C:\Users\maxcl\OneDrive\Documents\GitHub\Projet_elements_finis\src\fem.c(438): error C2059: erreur de syntaxe : ')'
C:\Users\maxcl\OneDrive\Documents\GitHub\Projet_elements_finis\src\fem.c(439): error C2054: '(' attendu après 'mySolver'
C:\Users\maxcl\OneDrive\Documents\GitHub\Projet_elements_finis\src\fem.c(439): fatal error C1003: le nombre d'erreurs est supérieur à 100 ; arrêt de la compilation
  glfem.c
c:\users\maxcl\onedrive\documents\github\projet_elements_finis\src\fem.h(78): error C2061: erreur de syntaxe : identificateur 'femSolverType'
c:\users\maxcl\onedrive\documents\github\projet_elements_finis\src\fem.h(80): error C2059: erreur de syntaxe : '}'
c:\users\maxcl\onedrive\documents\github\projet_elements_finis\src\fem.h(112): error C2061: erreur de syntaxe : identificateur 'femSolver'
c:\users\maxcl\onedrive\documents\github\projet_elements_finis\src\fem.h(116): error C2059: erreur de syntaxe : '}'
c:\users\maxcl\onedrive\documents\github\projet_elements_finis\src\fem.h(119): error C2146: erreur de syntaxe : absence de ')' avant l'identificateur 'type'
c:\users\maxcl\onedrive\documents\github\projet_elements_finis\src\fem.h(119): error C2081: 'femElementType' : nom non conforme dans la liste de paramètres formels
c:\users\maxcl\onedrive\documents\github\projet_elements_finis\src\fem.h(119): error C2061: erreur de syntaxe : identificateur 'type'
c:\users\maxcl\onedrive\documents\github\projet_elements_finis\src\fem.h(119): error C2059: erreur de syntaxe : ';'
c:\users\maxcl\onedrive\documents\github\projet_elements_finis\src\fem.h(119): error C2059: erreur de syntaxe : ')'
c:\users\maxcl\onedrive\documents\github\projet_elements_finis\src\fem.h(131): error C2146: erreur de syntaxe : absence de ')' avant l'identificateur 'type'
c:\users\maxcl\onedrive\documents\github\projet_elements_finis\src\fem.h(131): error C2081: 'femElementType' : nom non conforme dans la liste de paramètres formels
c:\users\maxcl\onedrive\documents\github\projet_elements_finis\src\fem.h(131): error C2061: erreur de syntaxe : identificateur 'type'
c:\users\maxcl\onedrive\documents\github\projet_elements_finis\src\fem.h(131): error C2059: erreur de syntaxe : ';'
c:\users\maxcl\onedrive\documents\github\projet_elements_finis\src\fem.h(131): error C2059: erreur de syntaxe : ')'
c:\users\maxcl\onedrive\documents\github\projet_elements_finis\src\fem.h(138): error C2143: erreur de syntaxe : absence de '{' avant '*'
c:\users\maxcl\onedrive\documents\github\projet_elements_finis\src\fem.h(139): error C2143: erreur de syntaxe : absence de '{' avant '*'
c:\users\maxcl\onedrive\documents\github\projet_elements_finis\src\fem.h(140): error C2143: erreur de syntaxe : absence de '{' avant '*'
c:\users\maxcl\onedrive\documents\github\projet_elements_finis\src\fem.h(141): error C2143: erreur de syntaxe : absence de ')' avant '*'
c:\users\maxcl\onedrive\documents\github\projet_elements_finis\src\fem.h(141): error C2143: erreur de syntaxe : absence de '{' avant '*'
c:\users\maxcl\onedrive\documents\github\projet_elements_finis\src\fem.h(141): error C2059: erreur de syntaxe : ')'
c:\users\maxcl\onedrive\documents\github\projet_elements_finis\src\fem.h(142): error C2143: erreur de syntaxe : absence de ')' avant '*'
c:\users\maxcl\onedrive\documents\github\projet_elements_finis\src\fem.h(142): error C2143: erreur de syntaxe : absence de '{' avant '*'
c:\users\maxcl\onedrive\documents\github\projet_elements_finis\src\fem.h(142): error C2059: erreur de syntaxe : ')'
c:\users\maxcl\onedrive\documents\github\projet_elements_finis\src\fem.h(143): error C2143: erreur de syntaxe : absence de ')' avant '*'
c:\users\maxcl\onedrive\documents\github\projet_elements_finis\src\fem.h(143): error C2143: erreur de syntaxe : absence de '{' avant '*'
c:\users\maxcl\onedrive\documents\github\projet_elements_finis\src\fem.h(143): error C2059: erreur de syntaxe : ')'
c:\users\maxcl\onedrive\documents\github\projet_elements_finis\src\fem.h(144): error C2143: erreur de syntaxe : absence de ')' avant '*'
c:\users\maxcl\onedrive\documents\github\projet_elements_finis\src\fem.h(144): error C2143: erreur de syntaxe : absence de '{' avant '*'
c:\users\maxcl\onedrive\documents\github\projet_elements_finis\src\fem.h(144): error C2059: erreur de syntaxe : ')'
c:\users\maxcl\onedrive\documents\github\projet_elements_finis\src\fem.h(145): error C2143: erreur de syntaxe : absence de ')' avant '*'
c:\users\maxcl\onedrive\documents\github\projet_elements_finis\src\fem.h(145): error C2143: erreur de syntaxe : absence de '{' avant '*'
c:\users\maxcl\onedrive\documents\github\projet_elements_finis\src\fem.h(145): error C2059: erreur de syntaxe : ')'
c:\users\maxcl\onedrive\documents\github\projet_elements_finis\src\fem.h(146): error C2143: erreur de syntaxe : absence de ')' avant '*'
c:\users\maxcl\onedrive\documents\github\projet_elements_finis\src\fem.h(146): error C2143: erreur de syntaxe : absence de '{' avant '*'
c:\users\maxcl\onedrive\documents\github\projet_elements_finis\src\fem.h(146): error C2059: erreur de syntaxe : 'type'
c:\users\maxcl\onedrive\documents\github\projet_elements_finis\src\fem.h(146): error C2059: erreur de syntaxe : ')'
c:\users\maxcl\onedrive\documents\github\projet_elements_finis\src\fem.h(147): error C2143: erreur de syntaxe : absence de ')' avant '*'
c:\users\maxcl\onedrive\documents\github\projet_elements_finis\src\fem.h(147): error C2143: erreur de syntaxe : absence de '{' avant '*'
c:\users\maxcl\onedrive\documents\github\projet_elements_finis\src\fem.h(147): error C2059: erreur de syntaxe : 'type'
c:\users\maxcl\onedrive\documents\github\projet_elements_finis\src\fem.h(147): error C2059: erreur de syntaxe : ')'
c:\users\maxcl\onedrive\documents\github\projet_elements_finis\src\fem.h(148): error C2143: erreur de syntaxe : absence de ')' avant '*'
c:\users\maxcl\onedrive\documents\github\projet_elements_finis\src\fem.h(148): error C2143: erreur de syntaxe : absence de '{' avant '*'
c:\users\maxcl\onedrive\documents\github\projet_elements_finis\src\fem.h(148): error C2059: erreur de syntaxe : 'type'
c:\users\maxcl\onedrive\documents\github\projet_elements_finis\src\fem.h(148): error C2059: erreur de syntaxe : ')'
c:\users\maxcl\onedrive\documents\github\projet_elements_finis\src\fem.h(149): error C2143: erreur de syntaxe : absence de ')' avant '*'
c:\users\maxcl\onedrive\documents\github\projet_elements_finis\src\fem.h(149): error C2143: erreur de syntaxe : absence de '{' avant '*'
c:\users\maxcl\onedrive\documents\github\projet_elements_finis\src\fem.h(149): error C2059: erreur de syntaxe : ')'
c:\users\maxcl\onedrive\documents\github\projet_elements_finis\src\fem.h(182): error C2143: erreur de syntaxe : absence de '{' avant '*'
c:\users\maxcl\onedrive\documents\github\projet_elements_finis\src\fem.h(182): error C2146: erreur de syntaxe : absence de ')' avant l'identificateur 'solverType'
c:\users\maxcl\onedrive\documents\github\projet_elements_finis\src\fem.h(182): error C2081: 'femSolverType' : nom non conforme dans la liste de paramètres formels
c:\users\maxcl\onedrive\documents\github\projet_elements_finis\src\fem.h(182): error C2061: erreur de syntaxe : identificateur 'solverType'
c:\users\maxcl\onedrive\documents\github\projet_elements_finis\src\fem.h(182): error C2059: erreur de syntaxe : ';'
c:\users\maxcl\onedrive\documents\github\projet_elements_finis\src\fem.h(182): error C2059: erreur de syntaxe : ','
c:\users\maxcl\onedrive\documents\github\projet_elements_finis\src\fem.h(182): error C2059: erreur de syntaxe : ')'
c:\users\maxcl\onedrive\documents\github\projet_elements_finis\src\fem.h(183): error C2143: erreur de syntaxe : absence de ')' avant '*'
c:\users\maxcl\onedrive\documents\github\projet_elements_finis\src\fem.h(183): error C2143: erreur de syntaxe : absence de '{' avant '*'
c:\users\maxcl\onedrive\documents\github\projet_elements_finis\src\fem.h(183): error C2059: erreur de syntaxe : ')'
c:\users\maxcl\onedrive\documents\github\projet_elements_finis\src\fem.h(184): error C2143: erreur de syntaxe : absence de ')' avant '*'
c:\users\maxcl\onedrive\documents\github\projet_elements_finis\src\fem.h(184): error C2143: erreur de syntaxe : absence de '{' avant '*'
c:\users\maxcl\onedrive\documents\github\projet_elements_finis\src\fem.h(184): error C2059: erreur de syntaxe : 'type'
c:\users\maxcl\onedrive\documents\github\projet_elements_finis\src\fem.h(184): error C2059: erreur de syntaxe : ')'
c:\users\maxcl\onedrive\documents\github\projet_elements_finis\src\fem.h(185): error C2143: erreur de syntaxe : absence de ')' avant '*'
c:\users\maxcl\onedrive\documents\github\projet_elements_finis\src\fem.h(185): error C2143: erreur de syntaxe : absence de '{' avant '*'
c:\users\maxcl\onedrive\documents\github\projet_elements_finis\src\fem.h(185): error C2059: erreur de syntaxe : ')'
c:\users\maxcl\onedrive\documents\github\projet_elements_finis\src\fem.h(186): error C2143: erreur de syntaxe : absence de ')' avant '*'
c:\users\maxcl\onedrive\documents\github\projet_elements_finis\src\fem.h(186): error C2143: erreur de syntaxe : absence de '{' avant '*'
c:\users\maxcl\onedrive\documents\github\projet_elements_finis\src\fem.h(186): error C2146: erreur de syntaxe : absence de ';' avant l'identificateur 'renumType'
c:\users\maxcl\onedrive\documents\github\projet_elements_finis\src\fem.h(186): error C2059: erreur de syntaxe : ')'
c:\users\maxcl\onedrive\documents\github\projet_elements_finis\src\fem.h(187): error C2143: erreur de syntaxe : absence de ')' avant '*'
c:\users\maxcl\onedrive\documents\github\projet_elements_finis\src\fem.h(187): error C2143: erreur de syntaxe : absence de '{' avant '*'
c:\users\maxcl\onedrive\documents\github\projet_elements_finis\src\fem.h(187): error C2059: erreur de syntaxe : ')'
c:\users\maxcl\onedrive\documents\github\projet_elements_finis\src\fem.h(196): error C2370: 'femRenumType' : redéfinition ; classe de stockage différente
  c:\users\maxcl\onedrive\documents\github\projet_elements_finis\src\fem.h(186): note: voir la déclaration de 'femRenumType'
C:\Users\maxcl\OneDrive\Documents\GitHub\Projet_elements_finis\src\glfem.c(329): error C2143: erreur de syntaxe : absence de ')' avant '*'
C:\Users\maxcl\OneDrive\Documents\GitHub\Projet_elements_finis\src\glfem.c(329): error C2143: erreur de syntaxe : absence de '{' avant '*'
C:\Users\maxcl\OneDrive\Documents\GitHub\Projet_elements_finis\src\glfem.c(329): error C2059: erreur de syntaxe : 'type'
C:\Users\maxcl\OneDrive\Documents\GitHub\Projet_elements_finis\src\glfem.c(329): error C2059: erreur de syntaxe : ')'
C:\Users\maxcl\OneDrive\Documents\GitHub\Projet_elements_finis\src\glfem.c(448): error C2371: 'glfemPlotMesh' : redéfinition ; types de base différents
  homework.c
c:\users\maxcl\onedrive\documents\github\projet_elements_finis\src\fem.h(78): error C2061: erreur de syntaxe : identificateur 'femSolverType'
c:\users\maxcl\onedrive\documents\github\projet_elements_finis\src\fem.h(80): error C2059: erreur de syntaxe : '}'
c:\users\maxcl\onedrive\documents\github\projet_elements_finis\src\fem.h(112): error C2061: erreur de syntaxe : identificateur 'femSolver'
c:\users\maxcl\onedrive\documents\github\projet_elements_finis\src\fem.h(116): error C2059: erreur de syntaxe : '}'
c:\users\maxcl\onedrive\documents\github\projet_elements_finis\src\fem.h(119): error C2146: erreur de syntaxe : absence de ')' avant l'identificateur 'type'
c:\users\maxcl\onedrive\documents\github\projet_elements_finis\src\fem.h(119): error C2081: 'femElementType' : nom non conforme dans la liste de paramètres formels
c:\users\maxcl\onedrive\documents\github\projet_elements_finis\src\fem.h(119): error C2061: erreur de syntaxe : identificateur 'type'
c:\users\maxcl\onedrive\documents\github\projet_elements_finis\src\fem.h(119): error C2059: erreur de syntaxe : ';'
c:\users\maxcl\onedrive\documents\github\projet_elements_finis\src\fem.h(119): error C2059: erreur de syntaxe : ')'
c:\users\maxcl\onedrive\documents\github\projet_elements_finis\src\fem.h(131): error C2146: erreur de syntaxe : absence de ')' avant l'identificateur 'type'
c:\users\maxcl\onedrive\documents\github\projet_elements_finis\src\fem.h(131): error C2081: 'femElementType' : nom non conforme dans la liste de paramètres formels
c:\users\maxcl\onedrive\documents\github\projet_elements_finis\src\fem.h(131): error C2061: erreur de syntaxe : identificateur 'type'
c:\users\maxcl\onedrive\documents\github\projet_elements_finis\src\fem.h(131): error C2059: erreur de syntaxe : ';'
c:\users\maxcl\onedrive\documents\github\projet_elements_finis\src\fem.h(131): error C2059: erreur de syntaxe : ')'
c:\users\maxcl\onedrive\documents\github\projet_elements_finis\src\fem.h(138): error C2143: erreur de syntaxe : absence de '{' avant '*'
c:\users\maxcl\onedrive\documents\github\projet_elements_finis\src\fem.h(139): error C2143: erreur de syntaxe : absence de '{' avant '*'
c:\users\maxcl\onedrive\documents\github\projet_elements_finis\src\fem.h(140): error C2143: erreur de syntaxe : absence de '{' avant '*'
c:\users\maxcl\onedrive\documents\github\projet_elements_finis\src\fem.h(141): error C2143: erreur de syntaxe : absence de ')' avant '*'
c:\users\maxcl\onedrive\documents\github\projet_elements_finis\src\fem.h(141): error C2143: erreur de syntaxe : absence de '{' avant '*'
c:\users\maxcl\onedrive\documents\github\projet_elements_finis\src\fem.h(141): error C2059: erreur de syntaxe : ')'
c:\users\maxcl\onedrive\documents\github\projet_elements_finis\src\fem.h(142): error C2143: erreur de syntaxe : absence de ')' avant '*'
c:\users\maxcl\onedrive\documents\github\projet_elements_finis\src\fem.h(142): error C2143: erreur de syntaxe : absence de '{' avant '*'
c:\users\maxcl\onedrive\documents\github\projet_elements_finis\src\fem.h(142): error C2059: erreur de syntaxe : ')'
c:\users\maxcl\onedrive\documents\github\projet_elements_finis\src\fem.h(143): error C2143: erreur de syntaxe : absence de ')' avant '*'
c:\users\maxcl\onedrive\documents\github\projet_elements_finis\src\fem.h(143): error C2143: erreur de syntaxe : absence de '{' avant '*'
c:\users\maxcl\onedrive\documents\github\projet_elements_finis\src\fem.h(143): error C2059: erreur de syntaxe : ')'
c:\users\maxcl\onedrive\documents\github\projet_elements_finis\src\fem.h(144): error C2143: erreur de syntaxe : absence de ')' avant '*'
c:\users\maxcl\onedrive\documents\github\projet_elements_finis\src\fem.h(144): error C2143: erreur de syntaxe : absence de '{' avant '*'
c:\users\maxcl\onedrive\documents\github\projet_elements_finis\src\fem.h(144): error C2059: erreur de syntaxe : ')'
c:\users\maxcl\onedrive\documents\github\projet_elements_finis\src\fem.h(145): error C2143: erreur de syntaxe : absence de ')' avant '*'
c:\users\maxcl\onedrive\documents\github\projet_elements_finis\src\fem.h(145): error C2143: erreur de syntaxe : absence de '{' avant '*'
c:\users\maxcl\onedrive\documents\github\projet_elements_finis\src\fem.h(145): error C2059: erreur de syntaxe : ')'
c:\users\maxcl\onedrive\documents\github\projet_elements_finis\src\fem.h(146): error C2143: erreur de syntaxe : absence de ')' avant '*'
c:\users\maxcl\onedrive\documents\github\projet_elements_finis\src\fem.h(146): error C2143: erreur de syntaxe : absence de '{' avant '*'
c:\users\maxcl\onedrive\documents\github\projet_elements_finis\src\fem.h(146): error C2059: erreur de syntaxe : 'type'
c:\users\maxcl\onedrive\documents\github\projet_elements_finis\src\fem.h(146): error C2059: erreur de syntaxe : ')'
c:\users\maxcl\onedrive\documents\github\projet_elements_finis\src\fem.h(147): error C2143: erreur de syntaxe : absence de ')' avant '*'
c:\users\maxcl\onedrive\documents\github\projet_elements_finis\src\fem.h(147): error C2143: erreur de syntaxe : absence de '{' avant '*'
c:\users\maxcl\onedrive\documents\github\projet_elements_finis\src\fem.h(147): error C2059: erreur de syntaxe : 'type'
c:\users\maxcl\onedrive\documents\github\projet_elements_finis\src\fem.h(147): error C2059: erreur de syntaxe : ')'
c:\users\maxcl\onedrive\documents\github\projet_elements_finis\src\fem.h(148): error C2143: erreur de syntaxe : absence de ')' avant '*'
c:\users\maxcl\onedrive\documents\github\projet_elements_finis\src\fem.h(148): error C2143: erreur de syntaxe : absence de '{' avant '*'
c:\users\maxcl\onedrive\documents\github\projet_elements_finis\src\fem.h(148): error C2059: erreur de syntaxe : 'type'
c:\users\maxcl\onedrive\documents\github\projet_elements_finis\src\fem.h(148): error C2059: erreur de syntaxe : ')'
c:\users\maxcl\onedrive\documents\github\projet_elements_finis\src\fem.h(149): error C2143: erreur de syntaxe : absence de ')' avant '*'
c:\users\maxcl\onedrive\documents\github\projet_elements_finis\src\fem.h(149): error C2143: erreur de syntaxe : absence de '{' avant '*'
c:\users\maxcl\onedrive\documents\github\projet_elements_finis\src\fem.h(149): error C2059: erreur de syntaxe : ')'
c:\users\maxcl\onedrive\documents\github\projet_elements_finis\src\fem.h(182): error C2143: erreur de syntaxe : absence de '{' avant '*'
c:\users\maxcl\onedrive\documents\github\projet_elements_finis\src\fem.h(182): error C2146: erreur de syntaxe : absence de ')' avant l'identificateur 'solverType'
c:\users\maxcl\onedrive\documents\github\projet_elements_finis\src\fem.h(182): error C2081: 'femSolverType' : nom non conforme dans la liste de paramètres formels
c:\users\maxcl\onedrive\documents\github\projet_elements_finis\src\fem.h(182): error C2061: erreur de syntaxe : identificateur 'solverType'
c:\users\maxcl\onedrive\documents\github\projet_elements_finis\src\fem.h(182): error C2059: erreur de syntaxe : ';'
c:\users\maxcl\onedrive\documents\github\projet_elements_finis\src\fem.h(182): error C2059: erreur de syntaxe : ','
c:\users\maxcl\onedrive\documents\github\projet_elements_finis\src\fem.h(182): error C2059: erreur de syntaxe : ')'
c:\users\maxcl\onedrive\documents\github\projet_elements_finis\src\fem.h(183): error C2143: erreur de syntaxe : absence de ')' avant '*'
c:\users\maxcl\onedrive\documents\github\projet_elements_finis\src\fem.h(183): error C2143: erreur de syntaxe : absence de '{' avant '*'
c:\users\maxcl\onedrive\documents\github\projet_elements_finis\src\fem.h(183): error C2059: erreur de syntaxe : ')'
c:\users\maxcl\onedrive\documents\github\projet_elements_finis\src\fem.h(184): error C2143: erreur de syntaxe : absence de ')' avant '*'
c:\users\maxcl\onedrive\documents\github\projet_elements_finis\src\fem.h(184): error C2143: erreur de syntaxe : absence de '{' avant '*'
c:\users\maxcl\onedrive\documents\github\projet_elements_finis\src\fem.h(184): error C2059: erreur de syntaxe : 'type'
c:\users\maxcl\onedrive\documents\github\projet_elements_finis\src\fem.h(184): error C2059: erreur de syntaxe : ')'
c:\users\maxcl\onedrive\documents\github\projet_elements_finis\src\fem.h(185): error C2143: erreur de syntaxe : absence de ')' avant '*'
c:\users\maxcl\onedrive\documents\github\projet_elements_finis\src\fem.h(185): error C2143: erreur de syntaxe : absence de '{' avant '*'
c:\users\maxcl\onedrive\documents\github\projet_elements_finis\src\fem.h(185): error C2059: erreur de syntaxe : ')'
c:\users\maxcl\onedrive\documents\github\projet_elements_finis\src\fem.h(186): error C2143: erreur de syntaxe : absence de ')' avant '*'
c:\users\maxcl\onedrive\documents\github\projet_elements_finis\src\fem.h(186): error C2143: erreur de syntaxe : absence de '{' avant '*'
c:\users\maxcl\onedrive\documents\github\projet_elements_finis\src\fem.h(186): error C2146: erreur de syntaxe : absence de ';' avant l'identificateur 'renumType'
c:\users\maxcl\onedrive\documents\github\projet_elements_finis\src\fem.h(186): error C2059: erreur de syntaxe : ')'
c:\users\maxcl\onedrive\documents\github\projet_elements_finis\src\fem.h(187): error C2143: erreur de syntaxe : absence de ')' avant '*'
c:\users\maxcl\onedrive\documents\github\projet_elements_finis\src\fem.h(187): error C2143: erreur de syntaxe : absence de '{' avant '*'
c:\users\maxcl\onedrive\documents\github\projet_elements_finis\src\fem.h(187): error C2059: erreur de syntaxe : ')'
c:\users\maxcl\onedrive\documents\github\projet_elements_finis\src\fem.h(196): error C2370: 'femRenumType' : redéfinition ; classe de stockage différente
  c:\users\maxcl\onedrive\documents\github\projet_elements_finis\src\fem.h(186): note: voir la déclaration de 'femRenumType'
C:\Users\maxcl\OneDrive\Documents\GitHub\Projet_elements_finis\src\homework.c(27): warning C4133: 'fonction' : types incompatibles - de 'double *' à 'float *'
C:\Users\maxcl\OneDrive\Documents\GitHub\Projet_elements_finis\src\homework.c(28): error C2198: 'glfemDrawNodes' : pas assez d'arguments pour un appel
  main.c
c:\users\maxcl\onedrive\documents\github\projet_elements_finis\src\fem.h(78): error C2061: erreur de syntaxe : identificateur 'femSolverType'
c:\users\maxcl\onedrive\documents\github\projet_elements_finis\src\fem.h(80): error C2059: erreur de syntaxe : '}'
c:\users\maxcl\onedrive\documents\github\projet_elements_finis\src\fem.h(112): error C2061: erreur de syntaxe : identificateur 'femSolver'
c:\users\maxcl\onedrive\documents\github\projet_elements_finis\src\fem.h(116): error C2059: erreur de syntaxe : '}'
c:\users\maxcl\onedrive\documents\github\projet_elements_finis\src\fem.h(119): error C2146: erreur de syntaxe : absence de ')' avant l'identificateur 'type'
c:\users\maxcl\onedrive\documents\github\projet_elements_finis\src\fem.h(119): error C2081: 'femElementType' : nom non conforme dans la liste de paramètres formels
c:\users\maxcl\onedrive\documents\github\projet_elements_finis\src\fem.h(119): error C2061: erreur de syntaxe : identificateur 'type'
c:\users\maxcl\onedrive\documents\github\projet_elements_finis\src\fem.h(119): error C2059: erreur de syntaxe : ';'
c:\users\maxcl\onedrive\documents\github\projet_elements_finis\src\fem.h(119): error C2059: erreur de syntaxe : ')'
c:\users\maxcl\onedrive\documents\github\projet_elements_finis\src\fem.h(131): error C2146: erreur de syntaxe : absence de ')' avant l'identificateur 'type'
c:\users\maxcl\onedrive\documents\github\projet_elements_finis\src\fem.h(131): error C2081: 'femElementType' : nom non conforme dans la liste de paramètres formels
c:\users\maxcl\onedrive\documents\github\projet_elements_finis\src\fem.h(131): error C2061: erreur de syntaxe : identificateur 'type'
c:\users\maxcl\onedrive\documents\github\projet_elements_finis\src\fem.h(131): error C2059: erreur de syntaxe : ';'
c:\users\maxcl\onedrive\documents\github\projet_elements_finis\src\fem.h(131): error C2059: erreur de syntaxe : ')'
c:\users\maxcl\onedrive\documents\github\projet_elements_finis\src\fem.h(138): error C2143: erreur de syntaxe : absence de '{' avant '*'
c:\users\maxcl\onedrive\documents\github\projet_elements_finis\src\fem.h(139): error C2143: erreur de syntaxe : absence de '{' avant '*'
c:\users\maxcl\onedrive\documents\github\projet_elements_finis\src\fem.h(140): error C2143: erreur de syntaxe : absence de '{' avant '*'
c:\users\maxcl\onedrive\documents\github\projet_elements_finis\src\fem.h(141): error C2143: erreur de syntaxe : absence de ')' avant '*'
c:\users\maxcl\onedrive\documents\github\projet_elements_finis\src\fem.h(141): error C2143: erreur de syntaxe : absence de '{' avant '*'
c:\users\maxcl\onedrive\documents\github\projet_elements_finis\src\fem.h(141): error C2059: erreur de syntaxe : ')'
c:\users\maxcl\onedrive\documents\github\projet_elements_finis\src\fem.h(142): error C2143: erreur de syntaxe : absence de ')' avant '*'
c:\users\maxcl\onedrive\documents\github\projet_elements_finis\src\fem.h(142): error C2143: erreur de syntaxe : absence de '{' avant '*'
c:\users\maxcl\onedrive\documents\github\projet_elements_finis\src\fem.h(142): error C2059: erreur de syntaxe : ')'
c:\users\maxcl\onedrive\documents\github\projet_elements_finis\src\fem.h(143): error C2143: erreur de syntaxe : absence de ')' avant '*'
c:\users\maxcl\onedrive\documents\github\projet_elements_finis\src\fem.h(143): error C2143: erreur de syntaxe : absence de '{' avant '*'
c:\users\maxcl\onedrive\documents\github\projet_elements_finis\src\fem.h(143): error C2059: erreur de syntaxe : ')'
c:\users\maxcl\onedrive\documents\github\projet_elements_finis\src\fem.h(144): error C2143: erreur de syntaxe : absence de ')' avant '*'
c:\users\maxcl\onedrive\documents\github\projet_elements_finis\src\fem.h(144): error C2143: erreur de syntaxe : absence de '{' avant '*'
c:\users\maxcl\onedrive\documents\github\projet_elements_finis\src\fem.h(144): error C2059: erreur de syntaxe : ')'
c:\users\maxcl\onedrive\documents\github\projet_elements_finis\src\fem.h(145): error C2143: erreur de syntaxe : absence de ')' avant '*'
c:\users\maxcl\onedrive\documents\github\projet_elements_finis\src\fem.h(145): error C2143: erreur de syntaxe : absence de '{' avant '*'
c:\users\maxcl\onedrive\documents\github\projet_elements_finis\src\fem.h(145): error C2059: erreur de syntaxe : ')'
c:\users\maxcl\onedrive\documents\github\projet_elements_finis\src\fem.h(146): error C2143: erreur de syntaxe : absence de ')' avant '*'
c:\users\maxcl\onedrive\documents\github\projet_elements_finis\src\fem.h(146): error C2143: erreur de syntaxe : absence de '{' avant '*'
c:\users\maxcl\onedrive\documents\github\projet_elements_finis\src\fem.h(146): error C2059: erreur de syntaxe : 'type'
c:\users\maxcl\onedrive\documents\github\projet_elements_finis\src\fem.h(146): error C2059: erreur de syntaxe : ')'
c:\users\maxcl\onedrive\documents\github\projet_elements_finis\src\fem.h(147): error C2143: erreur de syntaxe : absence de ')' avant '*'
c:\users\maxcl\onedrive\documents\github\projet_elements_finis\src\fem.h(147): error C2143: erreur de syntaxe : absence de '{' avant '*'
c:\users\maxcl\onedrive\documents\github\projet_elements_finis\src\fem.h(147): error C2059: erreur de syntaxe : 'type'
c:\users\maxcl\onedrive\documents\github\projet_elements_finis\src\fem.h(147): error C2059: erreur de syntaxe : ')'
c:\users\maxcl\onedrive\documents\github\projet_elements_finis\src\fem.h(148): error C2143: erreur de syntaxe : absence de ')' avant '*'
c:\users\maxcl\onedrive\documents\github\projet_elements_finis\src\fem.h(148): error C2143: erreur de syntaxe : absence de '{' avant '*'
c:\users\maxcl\onedrive\documents\github\projet_elements_finis\src\fem.h(148): error C2059: erreur de syntaxe : 'type'
c:\users\maxcl\onedrive\documents\github\projet_elements_finis\src\fem.h(148): error C2059: erreur de syntaxe : ')'
c:\users\maxcl\onedrive\documents\github\projet_elements_finis\src\fem.h(149): error C2143: erreur de syntaxe : absence de ')' avant '*'
c:\users\maxcl\onedrive\documents\github\projet_elements_finis\src\fem.h(149): error C2143: erreur de syntaxe : absence de '{' avant '*'
c:\users\maxcl\onedrive\documents\github\projet_elements_finis\src\fem.h(149): error C2059: erreur de syntaxe : ')'
c:\users\maxcl\onedrive\documents\github\projet_elements_finis\src\fem.h(182): error C2143: erreur de syntaxe : absence de '{' avant '*'
c:\users\maxcl\onedrive\documents\github\projet_elements_finis\src\fem.h(182): error C2146: erreur de syntaxe : absence de ')' avant l'identificateur 'solverType'
c:\users\maxcl\onedrive\documents\github\projet_elements_finis\src\fem.h(182): error C2081: 'femSolverType' : nom non conforme dans la liste de paramètres formels
c:\users\maxcl\onedrive\documents\github\projet_elements_finis\src\fem.h(182): error C2061: erreur de syntaxe : identificateur 'solverType'
c:\users\maxcl\onedrive\documents\github\projet_elements_finis\src\fem.h(182): error C2059: erreur de syntaxe : ';'
c:\users\maxcl\onedrive\documents\github\projet_elements_finis\src\fem.h(182): error C2059: erreur de syntaxe : ','
c:\users\maxcl\onedrive\documents\github\projet_elements_finis\src\fem.h(182): error C2059: erreur de syntaxe : ')'
c:\users\maxcl\onedrive\documents\github\projet_elements_finis\src\fem.h(183): error C2143: erreur de syntaxe : absence de ')' avant '*'
c:\users\maxcl\onedrive\documents\github\projet_elements_finis\src\fem.h(183): error C2143: erreur de syntaxe : absence de '{' avant '*'
c:\users\maxcl\onedrive\documents\github\projet_elements_finis\src\fem.h(183): error C2059: erreur de syntaxe : ')'
c:\users\maxcl\onedrive\documents\github\projet_elements_finis\src\fem.h(184): error C2143: erreur de syntaxe : absence de ')' avant '*'
c:\users\maxcl\onedrive\documents\github\projet_elements_finis\src\fem.h(184): error C2143: erreur de syntaxe : absence de '{' avant '*'
c:\users\maxcl\onedrive\documents\github\projet_elements_finis\src\fem.h(184): error C2059: erreur de syntaxe : 'type'
c:\users\maxcl\onedrive\documents\github\projet_elements_finis\src\fem.h(184): error C2059: erreur de syntaxe : ')'
c:\users\maxcl\onedrive\documents\github\projet_elements_finis\src\fem.h(185): error C2143: erreur de syntaxe : absence de ')' avant '*'
c:\users\maxcl\onedrive\documents\github\projet_elements_finis\src\fem.h(185): error C2143: erreur de syntaxe : absence de '{' avant '*'
c:\users\maxcl\onedrive\documents\github\projet_elements_finis\src\fem.h(185): error C2059: erreur de syntaxe : ')'
c:\users\maxcl\onedrive\documents\github\projet_elements_finis\src\fem.h(186): error C2143: erreur de syntaxe : absence de ')' avant '*'
c:\users\maxcl\onedrive\documents\github\projet_elements_finis\src\fem.h(186): error C2143: erreur de syntaxe : absence de '{' avant '*'
c:\users\maxcl\onedrive\documents\github\projet_elements_finis\src\fem.h(186): error C2146: erreur de syntaxe : absence de ';' avant l'identificateur 'renumType'
c:\users\maxcl\onedrive\documents\github\projet_elements_finis\src\fem.h(186): error C2059: erreur de syntaxe : ')'
c:\users\maxcl\onedrive\documents\github\projet_elements_finis\src\fem.h(187): error C2143: erreur de syntaxe : absence de ')' avant '*'
c:\users\maxcl\onedrive\documents\github\projet_elements_finis\src\fem.h(187): error C2143: erreur de syntaxe : absence de '{' avant '*'
c:\users\maxcl\onedrive\documents\github\projet_elements_finis\src\fem.h(187): error C2059: erreur de syntaxe : ')'
c:\users\maxcl\onedrive\documents\github\projet_elements_finis\src\fem.h(196): error C2370: 'femRenumType' : redéfinition ; classe de stockage différente
  c:\users\maxcl\onedrive\documents\github\projet_elements_finis\src\fem.h(186): note: voir la déclaration de 'femRenumType'
C:\Users\maxcl\OneDrive\Documents\GitHub\Projet_elements_finis\src\main.c(39): error C2146: erreur de syntaxe : absence de ';' avant l'identificateur 'renumType'
C:\Users\maxcl\OneDrive\Documents\GitHub\Projet_elements_finis\src\main.c(53): error C2065: 'femDiffusionProblem' : identificateur non déclaré
C:\Users\maxcl\OneDrive\Documents\GitHub\Projet_elements_finis\src\main.c(53): error C2297: '*' : non conforme, l'opérande droit est du type 'int *'
C:\Users\maxcl\OneDrive\Documents\GitHub\Projet_elements_finis\src\main.c(56): error C2223: la partie gauche de '->solver' doit pointer vers struct/union
C:\Users\maxcl\OneDrive\Documents\GitHub\Projet_elements_finis\src\main.c(58): error C2223: la partie gauche de '->soluce' doit pointer vers struct/union
C:\Users\maxcl\OneDrive\Documents\GitHub\Projet_elements_finis\src\main.c(58): error C2223: la partie gauche de '->size' doit pointer vers struct/union
C:\Users\maxcl\OneDrive\Documents\GitHub\Projet_elements_finis\src\main.c(58): error C2198: 'femMax' : pas assez d'arguments pour un appel
C:\Users\maxcl\OneDrive\Documents\GitHub\Projet_elements_finis\src\main.c(64): error C2146: erreur de syntaxe : absence de ';' avant l'identificateur 'newRenumType'
C:\Users\maxcl\OneDrive\Documents\GitHub\Projet_elements_finis\src\main.c(64): error C2065: 'newRenumType' : identificateur non déclaré
C:\Users\maxcl\OneDrive\Documents\GitHub\Projet_elements_finis\src\main.c(78): error C2223: la partie gauche de '->soluce' doit pointer vers struct/union
C:\Users\maxcl\OneDrive\Documents\GitHub\Projet_elements_finis\src\main.c(78): error C2223: la partie gauche de '->size' doit pointer vers struct/union
C:\Users\maxcl\OneDrive\Documents\GitHub\Projet_elements_finis\src\main.c(78): error C2198: 'femMax' : pas assez d'arguments pour un appel
C:\Users\maxcl\OneDrive\Documents\GitHub\Projet_elements_finis\src\main.c(82): error C2223: la partie gauche de '->mesh' doit pointer vers struct/union
C:\Users\maxcl\OneDrive\Documents\GitHub\Projet_elements_finis\src\main.c(82): error C2198: 'glfemReshapeWindows' : pas assez d'arguments pour un appel
C:\Users\maxcl\OneDrive\Documents\GitHub\Projet_elements_finis\src\main.c(83): error C2223: la partie gauche de '->mesh' doit pointer vers struct/union
C:\Users\maxcl\OneDrive\Documents\GitHub\Projet_elements_finis\src\main.c(83): error C2223: la partie gauche de '->soluce' doit pointer vers struct/union
C:\Users\maxcl\OneDrive\Documents\GitHub\Projet_elements_finis\src\main.c(86): error C2223: la partie gauche de '->solver' doit pointer vers struct/union
C:\Users\maxcl\OneDrive\Documents\GitHub\Projet_elements_finis\src\main.c(86): error C2223: la partie gauche de '->size' doit pointer vers struct/union
C:\Users\maxcl\OneDrive\Documents\GitHub\Projet_elements_finis\src\main.c(89): error C2065: 'newRenumType' : identificateur non déclaré
C:\Users\maxcl\OneDrive\Documents\GitHub\Projet_elements_finis\src\main.c(91): error C2065: 'newRenumType' : identificateur non déclaré
C:\Users\maxcl\OneDrive\Documents\GitHub\Projet_elements_finis\src\main.c(93): warning C4047: '=' : les niveaux d'indirection de 'int *' et de 'int' sont différents
C:\Users\maxcl\OneDrive\Documents\GitHub\Projet_elements_finis\src\main.c(97): error C2223: la partie gauche de '->solver' doit pointer vers struct/union
C:\Users\maxcl\OneDrive\Documents\GitHub\Projet_elements_finis\src\main.c(98): error C2223: la partie gauche de '->solver' doit pointer vers struct/union
C:\Users\maxcl\OneDrive\Documents\GitHub\Projet_elements_finis\src\main.c(106): error C2223: la partie gauche de '->soluce' doit pointer vers struct/union
C:\Users\maxcl\OneDrive\Documents\GitHub\Projet_elements_finis\src\main.c(106): error C2223: la partie gauche de '->size' doit pointer vers struct/union
C:\Users\maxcl\OneDrive\Documents\GitHub\Projet_elements_finis\src\main.c(106): error C2198: 'femMax' : pas assez d'arguments pour un appel
C:\Users\maxcl\OneDrive\Documents\GitHub\Projet_elements_finis\src\main.c(113): error C2065: 'newRenumType' : identificateur non déclaré
C:\Users\maxcl\OneDrive\Documents\GitHub\Projet_elements_finis\src\main.c(114): error C2065: 'newRenumType' : identificateur non déclaré
C:\Users\maxcl\OneDrive\Documents\GitHub\Projet_elements_finis\src\main.c(115): error C2065: 'newRenumType' : identificateur non déclaré
C:\Users\maxcl\OneDrive\Documents\GitHub\Projet_elements_finis\src\main.c(121): error C2086: 'int w' : redéfinition
  C:\Users\maxcl\OneDrive\Documents\GitHub\Projet_elements_finis\src\main.c(76): note: voir la déclaration de 'w'
C:\Users\maxcl\OneDrive\Documents\GitHub\Projet_elements_finis\src\main.c(121): fatal error C1003: le nombre d'erreurs est supérieur à 100 ; arrêt de la compilation
  Génération de code en cours...
